[debug] [2025-08-29T08:54:16.657Z] ----------------------------------------------------------------------
[debug] [2025-08-29T08:54:16.664Z] Command:       /opt/homebrew/Cellar/node/24.6.0/bin/node /opt/homebrew/bin/firebase init
[debug] [2025-08-29T08:54:16.665Z] CLI Version:   14.15.1
[debug] [2025-08-29T08:54:16.665Z] Platform:      darwin
[debug] [2025-08-29T08:54:16.665Z] Node Version:  v24.6.0
[debug] [2025-08-29T08:54:16.665Z] Time:          Fri Aug 29 2025 11:54:16 GMT+0300 (GMT+03:00)
[debug] [2025-08-29T08:54:16.665Z] ----------------------------------------------------------------------
[debug] 
[debug] [2025-08-29T08:54:16.669Z] > command requires scopes: ["email","openid","https://www.googleapis.com/auth/cloudplatformprojects.readonly","https://www.googleapis.com/auth/firebase","https://www.googleapis.com/auth/cloud-platform"]
[debug] [2025-08-29T08:54:16.669Z] > authorizing via signed-in user (ardakrtss@gmail.com)
[info] 
     ######## #### ########  ######## ########     ###     ######  ########
     ##        ##  ##     ## ##       ##     ##  ##   ##  ##       ##
     ######    ##  ########  ######   ########  #########  ######  ######
     ##        ##  ##    ##  ##       ##     ## ##     ##       ## ##
     ##       #### ##     ## ######## ########  ##     ##  ######  ########

You're about to initialize a Firebase project in this directory:

  /Users/macbookair/storychain-frontend

[debug] [2025-08-29T09:00:27.586Z] ExitPromptError: User force closed the prompt with SIGINT
    at Interface.sigint (/opt/homebrew/lib/node_modules/firebase-tools/node_modules/@inquirer/core/dist/commonjs/lib/create-prompt.js:101:37)
    at Interface.emit (node:events:508:28)
    at Interface.emit (node:domain:489:12)
    at [_ttyWrite] [as _ttyWrite] (node:internal/readline/interface:1315:18)
    at ReadStream.onkeypress (node:internal/readline/interface:284:20)
    at ReadStream.emit (node:events:520:35)
    at ReadStream.emit (node:domain:489:12)
    at emitKeys (node:internal/readline/utils:371:14)
    at emitKeys.next (<anonymous>)
    at ReadStream.onData (node:internal/readline/emitKeypressEvents:64:36)
[error] 
[error] Error: An unexpected error has occurred.
